# JRE version: Java(TM) SE Runtime Environment (21.0.1+12) (build 21.0.1+12-LTS-29)
# Java VM: Java HotSpot(TM) 64-Bit Server VM (21.0.1+12-LTS-29, mixed mode, sharing, tiered, compressed oops, compressed class ptrs, g1 gc, windows-amd64)
GC Precious Log:
 CardTable entry size: 512
 Card Set container configuration: InlinePtr #cards 5 size 8 Array Of Cards #cards 12 size 40 Howl #buckets 4 coarsen threshold 1843 Howl Bitmap #cards 512 size 80 coarsen threshold 460 Card regions per heap region 1 cards per card region 2048
 CPUs: 8 total, 8 available
 Memory: 5877M
 Large Page Support: Disabled
 NUMA Support: Disabled
 Compressed Oops: Enabled (32-bit)
 Heap Region Size: 1M
 Heap Min Capacity: 8M
 Heap Initial Capacity: 92M
 Heap Max Capacity: 1470M
 Pre-touch: Disabled
 Parallel Workers: 8
 Concurrent Workers: 2
 Concurrent Refinement Workers: 8
 Periodic GC: Disabled
Heap:
 garbage-first heap   total 91136K, used 57176K [0x00000000a4200000, 0x0000000100000000)
  region size 1024K, 6 young (6144K), 4 survivors (4096K)
 Metaspace       used 52961K, committed 53760K, reserved 1114112K
  class space    used 6241K, committed 6592K, reserved 1048576K
GC Heap History (20 events):
Event: 43.431 GC heap before
{Heap before GC invocations=9 (full 0):
 garbage-first heap   total 63488K, used 52606K [0x00000000a4200000, 0x0000000100000000)
  region size 1024K, 28 young (28672K), 4 survivors (4096K)
 Metaspace       used 40758K, committed 41536K, reserved 1114112K
  class space    used 4985K, committed 5376K, reserved 1048576K
}
Event: 43.486 GC heap after
{Heap after GC invocations=10 (full 0):
 garbage-first heap   total 63488K, used 30685K [0x00000000a4200000, 0x0000000100000000)
  region size 1024K, 2 young (2048K), 2 survivors (2048K)
 Metaspace       used 40758K, committed 41536K, reserved 1114112K
  class space    used 4985K, committed 5376K, reserved 1048576K
}
Event: 50.407 GC heap before
{Heap before GC invocations=10 (full 0):
 garbage-first heap   total 63488K, used 54237K [0x00000000a4200000, 0x0000000100000000)
  region size 1024K, 25 young (25600K), 2 survivors (2048K)
 Metaspace       used 43845K, committed 44608K, reserved 1114112K
  class space    used 5302K, committed 5696K, reserved 1048576K
}
Event: 50.423 GC heap after
{Heap after GC invocations=11 (full 0):
 garbage-first heap   total 63488K, used 33756K [0x00000000a4200000, 0x0000000100000000)
  region size 1024K, 4 young (4096K), 4 survivors (4096K)
 Metaspace       used 43845K, committed 44608K, reserved 1114112K
  class space    used 5302K, committed 5696K, reserved 1048576K
}
Event: 56.146 GC heap before
{Heap before GC invocations=12 (full 0):
 garbage-first heap   total 63488K, used 55260K [0x00000000a4200000, 0x0000000100000000)
  region size 1024K, 25 young (25600K), 4 survivors (4096K)
 Metaspace       used 47400K, committed 48192K, reserved 1114112K
  class space    used 5789K, committed 6144K, reserved 1048576K
}
Event: 56.166 GC heap after
{Heap after GC invocations=13 (full 0):
 garbage-first heap   total 63488K, used 37888K [0x00000000a4200000, 0x0000000100000000)
  region size 1024K, 4 young (4096K), 4 survivors (4096K)
 Metaspace       used 47400K, committed 48192K, reserved 1114112K
  class space    used 5789K, committed 6144K, reserved 1048576K
}
Event: 63.318 GC heap before
{Heap before GC invocations=13 (full 0):
 garbage-first heap   total 63488K, used 55296K [0x00000000a4200000, 0x0000000100000000)
  region size 1024K, 21 young (21504K), 4 survivors (4096K)
 Metaspace       used 49460K, committed 50304K, reserved 1114112K
  class space    used 5985K, committed 6400K, reserved 1048576K
}
Event: 63.348 GC heap after
{Heap after GC invocations=14 (full 0):
 garbage-first heap   total 64512K, used 41298K [0x00000000a4200000, 0x0000000100000000)
  region size 1024K, 3 young (3072K), 3 survivors (3072K)
 Metaspace       used 49460K, committed 50304K, reserved 1114112K
  class space    used 5985K, committed 6400K, reserved 1048576K
}
Event: 68.222 GC heap before
{Heap before GC invocations=14 (full 0):
 garbage-first heap   total 64512K, used 55634K [0x00000000a4200000, 0x0000000100000000)
  region size 1024K, 17 young (17408K), 3 survivors (3072K)
 Metaspace       used 50282K, committed 51008K, reserved 1114112K
  class space    used 6043K, committed 6400K, reserved 1048576K
}
Event: 68.269 GC heap after
{Heap after GC invocations=15 (full 0):
 garbage-first heap   total 64512K, used 44425K [0x00000000a4200000, 0x0000000100000000)
  region size 1024K, 3 young (3072K), 3 survivors (3072K)
 Metaspace       used 50282K, committed 51008K, reserved 1114112K
  class space    used 6043K, committed 6400K, reserved 1048576K
}
Event: 72.416 GC heap before
{Heap before GC invocations=16 (full 0):
 garbage-first heap   total 76800K, used 55689K [0x00000000a4200000, 0x0000000100000000)
  region size 1024K, 14 young (14336K), 3 survivors (3072K)
 Metaspace       used 50374K, committed 51136K, reserved 1114112K
  class space    used 6044K, committed 6400K, reserved 1048576K
}
Event: 72.427 GC heap after
{Heap after GC invocations=17 (full 0):
 garbage-first heap   total 76800K, used 46932K [0x00000000a4200000, 0x0000000100000000)
  region size 1024K, 2 young (2048K), 2 survivors (2048K)
 Metaspace       used 50374K, committed 51136K, reserved 1114112K
  class space    used 6044K, committed 6400K, reserved 1048576K
}
Event: 76.779 GC heap before
{Heap before GC invocations=17 (full 0):
 garbage-first heap   total 76800K, used 66388K [0x00000000a4200000, 0x0000000100000000)
  region size 1024K, 21 young (21504K), 2 survivors (2048K)
 Metaspace       used 50443K, committed 51200K, reserved 1114112K
  class space    used 6046K, committed 6400K, reserved 1048576K
}
Event: 76.801 GC heap after
{Heap after GC invocations=18 (full 0):
 garbage-first heap   total 76800K, used 50066K [0x00000000a4200000, 0x0000000100000000)
  region size 1024K, 3 young (3072K), 3 survivors (3072K)
 Metaspace       used 50443K, committed 51200K, reserved 1114112K
  class space    used 6046K, committed 6400K, reserved 1048576K
}
Event: 84.159 GC heap before
{Heap before GC invocations=18 (full 0):
 garbage-first heap   total 76800K, used 67474K [0x00000000a4200000, 0x0000000100000000)
  region size 1024K, 20 young (20480K), 3 survivors (3072K)
 Metaspace       used 51092K, committed 51840K, reserved 1114112K
  class space    used 6105K, committed 6464K, reserved 1048576K
}
Event: 84.186 GC heap after
{Heap after GC invocations=19 (full 0):
 garbage-first heap   total 76800K, used 53084K [0x00000000a4200000, 0x0000000100000000)
  region size 1024K, 3 young (3072K), 3 survivors (3072K)
 Metaspace       used 51092K, committed 51840K, reserved 1114112K
  class space    used 6105K, committed 6464K, reserved 1048576K
}
Event: 88.319 GC heap before
{Heap before GC invocations=20 (full 0):
 garbage-first heap   total 91136K, used 68444K [0x00000000a4200000, 0x0000000100000000)
  region size 1024K, 18 young (18432K), 3 survivors (3072K)
 Metaspace       used 51492K, committed 52224K, reserved 1114112K
  class space    used 6144K, committed 6528K, reserved 1048576K
}
Event: 88.341 GC heap after
{Heap after GC invocations=21 (full 0):
 garbage-first heap   total 91136K, used 54543K [0x00000000a4200000, 0x0000000100000000)
  region size 1024K, 2 young (2048K), 2 survivors (2048K)
 Metaspace       used 51492K, committed 52224K, reserved 1114112K
  class space    used 6144K, committed 6528K, reserved 1048576K
}
Event: 104.631 GC heap before
{Heap before GC invocations=21 (full 0):
 garbage-first heap   total 91136K, used 79119K [0x00000000a4200000, 0x0000000100000000)
  region size 1024K, 26 young (26624K), 2 survivors (2048K)
 Metaspace       used 52870K, committed 53632K, reserved 1114112K
  class space    used 6233K, committed 6592K, reserved 1048576K
}
Event: 104.848 GC heap after
{Heap after GC invocations=22 (full 0):
 garbage-first heap   total 91136K, used 56152K [0x00000000a4200000, 0x0000000100000000)
  region size 1024K, 4 young (4096K), 4 survivors (4096K)
 Metaspace       used 52870K, committed 53632K, reserved 1114112K
  class space    used 6233K, committed 6592K, reserved 1048576K
}

